12-08 04:39:48 com_github_MitjaNemec_PlaceFootprints.action_place_footprints 647:Plugin executed on: 'win32'
12-08 04:39:48 com_github_MitjaNemec_PlaceFootprints.action_place_footprints 648:Plugin executed with python version: '3.11.5 (main, Aug 14 2024, 05:26:19) [MSC v.1939 64 bit (AMD64)]'
12-08 04:39:48 com_github_MitjaNemec_PlaceFootprints.action_place_footprints 649:KiCad build version: 8.0.6
12-08 04:39:48 com_github_MitjaNemec_PlaceFootprints.action_place_footprints 650:Plugin version: 3.0.0
12-08 04:39:48 com_github_MitjaNemec_PlaceFootprints.action_place_footprints 651:Frame repr: <wx._core.Frame object at 0x000001B9AD893D00>
12-08 04:39:48 com_github_MitjaNemec_PlaceFootprints.place_footprints 121:getting a list of all footprints on board
12-08 04:39:48 com_github_MitjaNemec_PlaceFootprints.place_footprints 156:Footprint NorthWest1 on root level
12-08 04:39:48 com_github_MitjaNemec_PlaceFootprints.place_footprints 156:Footprint East1 on root level
12-08 04:39:48 com_github_MitjaNemec_PlaceFootprints.place_footprints 156:Footprint SN74HC165 on root level
12-08 04:39:48 com_github_MitjaNemec_PlaceFootprints.place_footprints 156:Footprint North1 on root level
12-08 04:39:48 com_github_MitjaNemec_PlaceFootprints.place_footprints 156:Footprint SouthEast1 on root level
12-08 04:39:48 com_github_MitjaNemec_PlaceFootprints.place_footprints 156:Footprint SIG1 on root level
12-08 04:39:48 com_github_MitjaNemec_PlaceFootprints.place_footprints 156:Footprint SouthWest1 on root level
12-08 04:39:48 com_github_MitjaNemec_PlaceFootprints.place_footprints 156:Footprint South1 on root level
12-08 04:39:48 com_github_MitjaNemec_PlaceFootprints.place_footprints 156:Footprint West1 on root level
12-08 04:39:48 com_github_MitjaNemec_PlaceFootprints.place_footprints 156:Footprint NorthEast1 on root level
12-08 04:39:58 com_github_MitjaNemec_PlaceFootprints.action_place_footprints 86:By Sheet GUI initialized
12-08 04:39:58 com_github_MitjaNemec_PlaceFootprints.action_place_footprints 95:Selecting: 0
12-08 04:39:58 com_github_MitjaNemec_PlaceFootprints.action_place_footprints 99:Should invoke level_changed()
12-08 04:39:58 com_github_MitjaNemec_PlaceFootprints.action_place_footprints 277:Level_changed() invoked
